2025-06-03T16:32:24.282+0530 [INFO]  Terraform version: 1.12.0
2025-06-03T16:32:24.282+0530 [DEBUG] using github.com/hashicorp/go-tfe v1.74.1
2025-06-03T16:32:24.282+0530 [DEBUG] using github.com/hashicorp/hcl/v2 v2.23.1-0.20250203194505-ba0759438da2
2025-06-03T16:32:24.282+0530 [DEBUG] using github.com/hashicorp/terraform-svchost v0.1.1
2025-06-03T16:32:24.282+0530 [DEBUG] using github.com/zclconf/go-cty v1.16.2
2025-06-03T16:32:24.282+0530 [INFO]  Go runtime version: go1.24.2
2025-06-03T16:32:24.282+0530 [INFO]  CLI args: []string{"terraform", "init"}
2025-06-03T16:32:24.282+0530 [TRACE] Stdout is a terminal of width 171
2025-06-03T16:32:24.282+0530 [TRACE] Stderr is a terminal of width 171
2025-06-03T16:32:24.282+0530 [TRACE] Stdin is a terminal
2025-06-03T16:32:24.282+0530 [DEBUG] Attempting to open CLI config file: /Users/umesh/.terraformrc
2025-06-03T16:32:24.282+0530 [DEBUG] File doesn't exist, but doesn't need to. Ignoring.
2025-06-03T16:32:24.283+0530 [INFO]  Loading CLI configuration from /Users/umesh/.terraform.d/credentials.tfrc.json
2025-06-03T16:32:24.283+0530 [DEBUG] ignoring non-existing provider search directory terraform.d/plugins
2025-06-03T16:32:24.283+0530 [DEBUG] ignoring non-existing provider search directory /Users/umesh/.terraform.d/plugins
2025-06-03T16:32:24.283+0530 [DEBUG] ignoring non-existing provider search directory /Users/umesh/Library/Application Support/io.terraform/plugins
2025-06-03T16:32:24.283+0530 [DEBUG] ignoring non-existing provider search directory /Library/Application Support/io.terraform/plugins
2025-06-03T16:32:24.285+0530 [INFO]  CLI command args: []string{"init"}
2025-06-03T16:32:24.289+0530 [TRACE] Meta.Backend: no config given or present on disk, so returning nil config
2025-06-03T16:32:24.289+0530 [TRACE] Meta.Backend: backend has not previously been initialized in this working directory
2025-06-03T16:32:24.289+0530 [TRACE] Meta.Backend: using default local state only (no backend configuration, and no existing initialized backend)
2025-06-03T16:32:24.289+0530 [TRACE] Meta.Backend: instantiated backend of type <nil>
2025-06-03T16:32:24.290+0530 [TRACE] providercache.fillMetaCache: scanning directory .terraform/providers
2025-06-03T16:32:24.290+0530 [TRACE] getproviders.SearchLocalDirectory: found registry.terraform.io/hashicorp/aws v4.67.0 for darwin_arm64 at .terraform/providers/registry.terraform.io/hashicorp/aws/4.67.0/darwin_arm64
2025-06-03T16:32:24.291+0530 [TRACE] getproviders.SearchLocalDirectory: found registry.terraform.io/hashicorp/random v3.7.2 for darwin_arm64 at .terraform/providers/registry.terraform.io/hashicorp/random/3.7.2/darwin_arm64
2025-06-03T16:32:24.291+0530 [TRACE] providercache.fillMetaCache: including .terraform/providers/registry.terraform.io/hashicorp/aws/4.67.0/darwin_arm64 as a candidate package for registry.terraform.io/hashicorp/aws 4.67.0
2025-06-03T16:32:24.291+0530 [TRACE] providercache.fillMetaCache: including .terraform/providers/registry.terraform.io/hashicorp/random/3.7.2/darwin_arm64 as a candidate package for registry.terraform.io/hashicorp/random 3.7.2
2025-06-03T16:32:24.304+0530 [TRACE] providercache.fillMetaCache: using cached result from previous scan of .terraform/providers
2025-06-03T16:32:24.609+0530 [DEBUG] checking for provisioner in "."
2025-06-03T16:32:24.610+0530 [DEBUG] checking for provisioner in "/usr/local/bin"
2025-06-03T16:32:24.610+0530 [TRACE] Meta.Backend: backend <nil> does not support operations, so wrapping it in a local backend
2025-06-03T16:32:24.610+0530 [TRACE] backend/local: state manager for workspace "default" will:
 - read initial snapshot from terraform.tfstate
 - write new snapshots to terraform.tfstate
 - create any backup at terraform.tfstate.backup
2025-06-03T16:32:24.610+0530 [TRACE] statemgr.Filesystem: reading initial snapshot from terraform.tfstate
2025-06-03T16:32:24.611+0530 [TRACE] statemgr.Filesystem: snapshot file has nil snapshot, but that's okay
2025-06-03T16:32:24.611+0530 [TRACE] statemgr.Filesystem: read nil snapshot
2025-06-03T16:32:24.612+0530 [DEBUG] Service discovery for registry.terraform.io at https://registry.terraform.io/.well-known/terraform.json
2025-06-03T16:32:24.612+0530 [TRACE] HTTP client GET request to https://registry.terraform.io/.well-known/terraform.json
2025-06-03T16:32:24.658+0530 [DEBUG] GET https://registry.terraform.io/v1/providers/hashicorp/aws/versions
2025-06-03T16:32:24.658+0530 [TRACE] HTTP client GET request to https://registry.terraform.io/v1/providers/hashicorp/aws/versions
2025-06-03T16:32:24.711+0530 [DEBUG] GET https://registry.terraform.io/v1/providers/hashicorp/random/versions
2025-06-03T16:32:24.711+0530 [TRACE] HTTP client GET request to https://registry.terraform.io/v1/providers/hashicorp/random/versions
2025-06-03T16:32:24.758+0530 [TRACE] providercache.fillMetaCache: scanning directory .terraform/providers
2025-06-03T16:32:24.758+0530 [TRACE] getproviders.SearchLocalDirectory: found registry.terraform.io/hashicorp/aws v4.67.0 for darwin_arm64 at .terraform/providers/registry.terraform.io/hashicorp/aws/4.67.0/darwin_arm64
2025-06-03T16:32:24.758+0530 [TRACE] getproviders.SearchLocalDirectory: found registry.terraform.io/hashicorp/random v3.7.2 for darwin_arm64 at .terraform/providers/registry.terraform.io/hashicorp/random/3.7.2/darwin_arm64
2025-06-03T16:32:24.758+0530 [TRACE] providercache.fillMetaCache: including .terraform/providers/registry.terraform.io/hashicorp/aws/4.67.0/darwin_arm64 as a candidate package for registry.terraform.io/hashicorp/aws 4.67.0
2025-06-03T16:32:24.758+0530 [TRACE] providercache.fillMetaCache: including .terraform/providers/registry.terraform.io/hashicorp/random/3.7.2/darwin_arm64 as a candidate package for registry.terraform.io/hashicorp/random 3.7.2
2025-06-03T16:32:24.975+0530 [TRACE] providercache.fillMetaCache: using cached result from previous scan of .terraform/providers
2025-06-03T16:45:14.728+0530 [INFO]  Terraform version: 1.12.0
2025-06-03T16:45:14.728+0530 [DEBUG] using github.com/hashicorp/go-tfe v1.74.1
2025-06-03T16:45:14.728+0530 [DEBUG] using github.com/hashicorp/hcl/v2 v2.23.1-0.20250203194505-ba0759438da2
2025-06-03T16:45:14.728+0530 [DEBUG] using github.com/hashicorp/terraform-svchost v0.1.1
2025-06-03T16:45:14.728+0530 [DEBUG] using github.com/zclconf/go-cty v1.16.2
2025-06-03T16:45:14.728+0530 [INFO]  Go runtime version: go1.24.2
2025-06-03T16:45:14.728+0530 [INFO]  CLI args: []string{"terraform", "trace"}
2025-06-03T16:45:14.728+0530 [TRACE] Stdout is a terminal of width 171
2025-06-03T16:45:14.728+0530 [TRACE] Stderr is a terminal of width 171
2025-06-03T16:45:14.728+0530 [TRACE] Stdin is a terminal
2025-06-03T16:45:14.728+0530 [DEBUG] Attempting to open CLI config file: /Users/umesh/.terraformrc
2025-06-03T16:45:14.728+0530 [DEBUG] File doesn't exist, but doesn't need to. Ignoring.
2025-06-03T16:45:14.728+0530 [INFO]  Loading CLI configuration from /Users/umesh/.terraform.d/credentials.tfrc.json
2025-06-03T16:45:14.729+0530 [DEBUG] ignoring non-existing provider search directory terraform.d/plugins
2025-06-03T16:45:14.729+0530 [DEBUG] ignoring non-existing provider search directory /Users/umesh/.terraform.d/plugins
2025-06-03T16:45:14.729+0530 [DEBUG] ignoring non-existing provider search directory /Users/umesh/Library/Application Support/io.terraform/plugins
2025-06-03T16:45:14.729+0530 [DEBUG] ignoring non-existing provider search directory /Library/Application Support/io.terraform/plugins
2025-06-03T16:45:14.730+0530 [INFO]  CLI command args: []string{"trace"}
